<?xml version='1.0' encoding='UTF-8' ?>
<testsuite name="com.example.dogglers.HorizontalListTests" tests="1" failures="0" errors="0" skipped="0" time="4.855" timestamp="2022-08-26T14:40:57" hostname="localhost">
  <properties>
    <property name="device" value="Pixel_5_API_30(AVD) - 11" />
    <property name="flavor" value="" />
    <property name="project" value=":app" />
  </properties>
  <testcase name="horizontal_scrolling" classname="com.example.dogglers.HorizontalListTests" time="3.449" />
</testsuite>